<?xml version="1.0" encoding="UTF-8"?>
<!-- Generated by org.testng.reporters.JUnitReportReporter -->
<testsuite hostname="Mouli" failures="0" tests="1" name="TestPackage.secondLession" time="0.003" errors="0" timestamp="2021-03-23T22:06:33 IST" skipped="0">
  <testcase classname="TestPackage.secondLession" name="Demo" time="0.003"/>
  <system-out/>
</testsuite> <!-- TestPackage.secondLession -->
