<?xml version="1.0" encoding="UTF-8"?>
<!-- Generated by org.testng.reporters.JUnitReportReporter -->
<testsuite hostname="Mouli" failures="0" tests="2" name="TestPackage.thirdLession" time="0.005" errors="0" timestamp="2021-03-23T22:06:33 IST" skipped="0">
  <testcase classname="TestPackage.thirdLession" name="loginAPIcarLoan" time="0.003"/>
  <system-out/>
  <testcase classname="TestPackage.thirdLession" name="webLoginCarLoan" time="0.002"/>
  <system-out/>
</testsuite> <!-- TestPackage.thirdLession -->
