<?xml version="1.0" encoding="UTF-8"?>
<!-- Generated by org.testng.reporters.JUnitReportReporter -->
<testsuite hostname="Mouli" failures="0" tests="3" name="TestPackage.fourthLesson" time="0.033" errors="0" timestamp="2021-04-06T16:10:33 IST" skipped="1">
  <testcase classname="TestPackage.fourthLesson" name="loginAPIHomeLoan" time="0.028"/>
  <system-out/>
  <testcase classname="TestPackage.fourthLesson" name="webLoginHomeLoan" time="0.005"/>
  <system-out/>
  <testcase classname="TestPackage.fourthLesson" name="mobileLoginHomeLoan">
    <skipped/>
  </testcase> <!-- mobileLoginHomeLoan -->
  <system-out/>
</testsuite> <!-- TestPackage.fourthLesson -->
