<?xml version="1.0" encoding="UTF-8"?>
<!-- Generated by org.testng.reporters.JUnitReportReporter -->
<testsuite hostname="Mouli" failures="0" tests="3" name="TestPackage.fourthLession" time="0.009" errors="0" timestamp="2021-03-23T22:06:33 IST" skipped="0">
  <testcase classname="TestPackage.fourthLession" name="loginAPIHomeLoan" time="0.004"/>
  <system-out/>
  <testcase classname="TestPackage.fourthLession" name="webLoginHomeLoan" time="0.002"/>
  <system-out/>
  <testcase classname="TestPackage.fourthLession" name="mobileLoginHomeLoan" time="0.003"/>
  <system-out/>
</testsuite> <!-- TestPackage.fourthLession -->
