<?xml version="1.0" encoding="UTF-8"?>
<!-- Generated by org.testng.reporters.JUnitReportReporter -->
<testsuite hostname="Mouli" failures="0" tests="1" name="TestPackage.firstLession" time="0.016" errors="0" timestamp="2021-03-23T22:06:33 IST" skipped="0">
  <testcase classname="TestPackage.firstLession" name="SecondDemo" time="0.016"/>
  <system-out/>
</testsuite> <!-- TestPackage.firstLession -->
