<?xml version="1.0" encoding="UTF-8"?>
<!-- Generated by org.testng.reporters.JUnitReportReporter -->
<testsuite hostname="Mouli" failures="0" tests="7" name="TestPackage.thirdLesson" time="0.040" errors="0" timestamp="2021-04-01T23:30:02 IST" skipped="0">
  <testcase classname="TestPackage.thirdLesson" name="mobileLoginCarLoan" time="0.006"/>
  <system-out/>
  <testcase classname="TestPackage.thirdLesson" name="mobileSignUpCarLoan" time="0.006"/>
  <system-out/>
  <testcase classname="TestPackage.thirdLesson" name="mobileSignUpCarLoan" time="0.002"/>
  <system-out/>
  <testcase classname="TestPackage.thirdLesson" name="webLoginCarLoan" time="0.003"/>
  <system-out/>
  <testcase classname="TestPackage.thirdLesson" name="mobileChangePassCarLoan" time="0.002"/>
  <system-out/>
  <testcase classname="TestPackage.thirdLesson" name="loginAPIcarLoan" time="0.019"/>
  <system-out/>
  <testcase classname="TestPackage.thirdLesson" name="mobileSignUpCarLoan" time="0.002"/>
  <system-out/>
</testsuite> <!-- TestPackage.thirdLesson -->
