<?xml version="1.0" encoding="UTF-8"?>
<!-- Generated by org.testng.reporters.JUnitReportReporter -->
<testsuite hostname="Mouli" failures="0" tests="1" name="TestPackage.secondLesson" time="0.005" errors="0" timestamp="2021-04-01T23:30:02 IST" skipped="0">
  <testcase classname="TestPackage.secondLesson" name="Demo" time="0.005"/>
  <system-out/>
</testsuite> <!-- TestPackage.secondLesson -->
